<?xml version="1.0" encoding="UTF-8"?>
<coverage generated="1614885560637" clover="3.2.0">
  <project timestamp="1614885560638" name="All files">
    <metrics statements="42" coveredstatements="33" conditionals="31" coveredconditionals="15" methods="11" coveredmethods="11" elements="84" coveredelements="59" complexity="0" loc="42" ncloc="42" packages="1" files="1" classes="1"/>
    <file name="Calculator.js" path="C:\Interviews\Calculator\js\Calculator.js">
      <metrics statements="42" coveredstatements="33" conditionals="31" coveredconditionals="15" methods="11" coveredmethods="11"/>
      <line num="3" count="8" type="stmt"/>
      <line num="4" count="8" type="stmt"/>
      <line num="5" count="8" type="stmt"/>
      <line num="6" count="8" type="stmt"/>
      <line num="10" count="9" type="stmt"/>
      <line num="11" count="9" type="stmt"/>
      <line num="12" count="9" type="stmt"/>
      <line num="16" count="1" type="stmt"/>
      <line num="20" count="12" type="cond" truecount="2" falsecount="2"/>
      <line num="21" count="12" type="cond" truecount="1" falsecount="1"/>
      <line num="25" count="5" type="cond" truecount="1" falsecount="1"/>
      <line num="26" count="0" type="stmt"/>
      <line num="27" count="0" type="stmt"/>
      <line num="29" count="5" type="cond" truecount="1" falsecount="1"/>
      <line num="30" count="0" type="cond" truecount="0" falsecount="2"/>
      <line num="31" count="0" type="stmt"/>
      <line num="32" count="0" type="stmt"/>
      <line num="33" count="0" type="stmt"/>
      <line num="35" count="5" type="cond" truecount="3" falsecount="1"/>
      <line num="36" count="0" type="cond" truecount="0" falsecount="2"/>
      <line num="37" count="0" type="stmt"/>
      <line num="39" count="5" type="stmt"/>
      <line num="40" count="5" type="stmt"/>
      <line num="41" count="5" type="stmt"/>
      <line num="42" count="5" type="stmt"/>
      <line num="46" count="4" type="stmt"/>
      <line num="47" count="4" type="stmt"/>
      <line num="48" count="4" type="stmt"/>
      <line num="53" count="4" type="cond" truecount="1" falsecount="1"/>
      <line num="54" count="4" type="stmt"/>
      <line num="55" count="4" type="cond" truecount="2" falsecount="3"/>
      <line num="56" count="0" type="stmt"/>
      <line num="58" count="4" type="cond" truecount="3" falsecount="1"/>
      <line num="59" count="4" type="stmt"/>
      <line num="61" count="1" type="stmt"/>
      <line num="64" count="1" type="stmt"/>
      <line num="67" count="1" type="stmt"/>
      <line num="70" count="1" type="cond" truecount="1" falsecount="1"/>
      <line num="71" count="1" type="stmt"/>
      <line num="74" count="4" type="stmt"/>
      <line num="75" count="4" type="stmt"/>
      <line num="80" count="1" type="stmt"/>
    </file>
  </project>
</coverage>
