{"C:\\Interviews\\Calculator\\js\\Calculator.js": {"path":"C:\\Interviews\\Calculator\\js\\Calculator.js","statementMap":{"0":{"start":{"line":3,"column":8},"end":{"line":3,"column":37}},"1":{"start":{"line":4,"column":8},"end":{"line":4,"column":35}},"2":{"start":{"line":5,"column":8},"end":{"line":5,"column":38}},"3":{"start":{"line":6,"column":8},"end":{"line":6,"column":24}},"4":{"start":{"line":10,"column":8},"end":{"line":10,"column":26}},"5":{"start":{"line":11,"column":8},"end":{"line":11,"column":27}},"6":{"start":{"line":12,"column":8},"end":{"line":12,"column":35}},"7":{"start":{"line":16,"column":8},"end":{"line":16,"column":60}},"8":{"start":{"line":20,"column":8},"end":{"line":20,"column":64}},"9":{"start":{"line":20,"column":58},"end":{"line":20,"column":64}},"10":{"start":{"line":21,"column":8},"end":{"line":21,"column":125}},"11":{"start":{"line":25,"column":8},"end":{"line":28,"column":9}},"12":{"start":{"line":26,"column":12},"end":{"line":26,"column":29}},"13":{"start":{"line":27,"column":12},"end":{"line":27,"column":18}},"14":{"start":{"line":29,"column":8},"end":{"line":34,"column":9}},"15":{"start":{"line":30,"column":12},"end":{"line":33,"column":25}},"16":{"start":{"line":31,"column":16},"end":{"line":31,"column":44}},"17":{"start":{"line":32,"column":16},"end":{"line":32,"column":22}},"18":{"start":{"line":33,"column":19},"end":{"line":33,"column":25}},"19":{"start":{"line":35,"column":8},"end":{"line":38,"column":9}},"20":{"start":{"line":36,"column":12},"end":{"line":36,"column":65}},"21":{"start":{"line":36,"column":39},"end":{"line":36,"column":65}},"22":{"start":{"line":37,"column":12},"end":{"line":37,"column":34}},"23":{"start":{"line":39,"column":8},"end":{"line":39,"column":37}},"24":{"start":{"line":40,"column":8},"end":{"line":40,"column":34}},"25":{"start":{"line":41,"column":8},"end":{"line":41,"column":36}},"26":{"start":{"line":42,"column":8},"end":{"line":42,"column":25}},"27":{"start":{"line":46,"column":8},"end":{"line":46,"column":65}},"28":{"start":{"line":47,"column":8},"end":{"line":47,"column":34}},"29":{"start":{"line":48,"column":8},"end":{"line":48,"column":26}},"30":{"start":{"line":53,"column":21},"end":{"line":53,"column":85}},"31":{"start":{"line":54,"column":21},"end":{"line":54,"column":45}},"32":{"start":{"line":55,"column":8},"end":{"line":57,"column":9}},"33":{"start":{"line":56,"column":12},"end":{"line":56,"column":32}},"34":{"start":{"line":58,"column":8},"end":{"line":58,"column":46}},"35":{"start":{"line":58,"column":40},"end":{"line":58,"column":46}},"36":{"start":{"line":59,"column":22},"end":{"line":73,"column":9}},"37":{"start":{"line":61,"column":16},"end":{"line":61,"column":37}},"38":{"start":{"line":64,"column":16},"end":{"line":64,"column":37}},"39":{"start":{"line":67,"column":16},"end":{"line":67,"column":37}},"40":{"start":{"line":70,"column":16},"end":{"line":71,"column":42}},"41":{"start":{"line":70,"column":31},"end":{"line":70,"column":48}},"42":{"start":{"line":71,"column":21},"end":{"line":71,"column":42}},"43":{"start":{"line":74,"column":8},"end":{"line":74,"column":29}},"44":{"start":{"line":75,"column":8},"end":{"line":75,"column":22}},"45":{"start":{"line":80,"column":26},"end":{"line":80,"column":30}}},"fnMap":{"0":{"name":"(anonymous_0)","decl":{"start":{"line":2,"column":4},"end":{"line":2,"column":5}},"loc":{"start":{"line":2,"column":39},"end":{"line":7,"column":5}},"line":2},"1":{"name":"(anonymous_1)","decl":{"start":{"line":9,"column":4},"end":{"line":9,"column":5}},"loc":{"start":{"line":9,"column":15},"end":{"line":13,"column":5}},"line":9},"2":{"name":"(anonymous_2)","decl":{"start":{"line":15,"column":4},"end":{"line":15,"column":5}},"loc":{"start":{"line":15,"column":13},"end":{"line":17,"column":5}},"line":15},"3":{"name":"(anonymous_3)","decl":{"start":{"line":19,"column":4},"end":{"line":19,"column":5}},"loc":{"start":{"line":19,"column":25},"end":{"line":22,"column":5}},"line":19},"4":{"name":"(anonymous_4)","decl":{"start":{"line":24,"column":4},"end":{"line":24,"column":5}},"loc":{"start":{"line":24,"column":31},"end":{"line":43,"column":5}},"line":24},"5":{"name":"(anonymous_5)","decl":{"start":{"line":45,"column":4},"end":{"line":45,"column":5}},"loc":{"start":{"line":45,"column":22},"end":{"line":49,"column":5}},"line":45},"6":{"name":"(anonymous_6)","decl":{"start":{"line":51,"column":4},"end":{"line":51,"column":5}},"loc":{"start":{"line":51,"column":36},"end":{"line":76,"column":5}},"line":51},"7":{"name":"(anonymous_7)","decl":{"start":{"line":60,"column":17},"end":{"line":60,"column":18}},"loc":{"start":{"line":60,"column":29},"end":{"line":62,"column":13}},"line":60},"8":{"name":"(anonymous_8)","decl":{"start":{"line":63,"column":17},"end":{"line":63,"column":18}},"loc":{"start":{"line":63,"column":29},"end":{"line":65,"column":13}},"line":63},"9":{"name":"(anonymous_9)","decl":{"start":{"line":66,"column":17},"end":{"line":66,"column":18}},"loc":{"start":{"line":66,"column":29},"end":{"line":68,"column":13}},"line":66},"10":{"name":"(anonymous_10)","decl":{"start":{"line":69,"column":17},"end":{"line":69,"column":18}},"loc":{"start":{"line":69,"column":29},"end":{"line":72,"column":13}},"line":69}},"branchMap":{"0":{"loc":{"start":{"line":20,"column":8},"end":{"line":20,"column":64}},"type":"if","locations":[{"start":{"line":20,"column":8},"end":{"line":20,"column":64}},{"start":{"line":20,"column":8},"end":{"line":20,"column":64}}],"line":20},"1":{"loc":{"start":{"line":20,"column":12},"end":{"line":20,"column":56}},"type":"binary-expr","locations":[{"start":{"line":20,"column":12},"end":{"line":20,"column":26}},{"start":{"line":20,"column":30},"end":{"line":20,"column":56}}],"line":20},"2":{"loc":{"start":{"line":21,"column":23},"end":{"line":21,"column":124}},"type":"cond-expr","locations":[{"start":{"line":21,"column":61},"end":{"line":21,"column":78}},{"start":{"line":21,"column":81},"end":{"line":21,"column":124}}],"line":21},"3":{"loc":{"start":{"line":25,"column":8},"end":{"line":28,"column":9}},"type":"if","locations":[{"start":{"line":25,"column":8},"end":{"line":28,"column":9}},{"start":{"line":25,"column":8},"end":{"line":28,"column":9}}],"line":25},"4":{"loc":{"start":{"line":29,"column":8},"end":{"line":34,"column":9}},"type":"if","locations":[{"start":{"line":29,"column":8},"end":{"line":34,"column":9}},{"start":{"line":29,"column":8},"end":{"line":34,"column":9}}],"line":29},"5":{"loc":{"start":{"line":30,"column":12},"end":{"line":33,"column":25}},"type":"if","locations":[{"start":{"line":30,"column":12},"end":{"line":33,"column":25}},{"start":{"line":30,"column":12},"end":{"line":33,"column":25}}],"line":30},"6":{"loc":{"start":{"line":35,"column":8},"end":{"line":38,"column":9}},"type":"if","locations":[{"start":{"line":35,"column":8},"end":{"line":38,"column":9}},{"start":{"line":35,"column":8},"end":{"line":38,"column":9}}],"line":35},"7":{"loc":{"start":{"line":35,"column":12},"end":{"line":35,"column":57}},"type":"binary-expr","locations":[{"start":{"line":35,"column":12},"end":{"line":35,"column":32}},{"start":{"line":35,"column":36},"end":{"line":35,"column":57}}],"line":35},"8":{"loc":{"start":{"line":36,"column":12},"end":{"line":36,"column":65}},"type":"if","locations":[{"start":{"line":36,"column":12},"end":{"line":36,"column":65}},{"start":{"line":36,"column":12},"end":{"line":36,"column":65}}],"line":36},"9":{"loc":{"start":{"line":53,"column":21},"end":{"line":53,"column":85}},"type":"cond-expr","locations":[{"start":{"line":53,"column":56},"end":{"line":53,"column":57}},{"start":{"line":53,"column":60},"end":{"line":53,"column":85}}],"line":53},"10":{"loc":{"start":{"line":55,"column":8},"end":{"line":57,"column":9}},"type":"if","locations":[{"start":{"line":55,"column":8},"end":{"line":57,"column":9}},{"start":{"line":55,"column":8},"end":{"line":57,"column":9}}],"line":55},"11":{"loc":{"start":{"line":55,"column":12},"end":{"line":55,"column":77}},"type":"binary-expr","locations":[{"start":{"line":55,"column":12},"end":{"line":55,"column":39}},{"start":{"line":55,"column":43},"end":{"line":55,"column":52}},{"start":{"line":55,"column":56},"end":{"line":55,"column":77}}],"line":55},"12":{"loc":{"start":{"line":58,"column":8},"end":{"line":58,"column":46}},"type":"if","locations":[{"start":{"line":58,"column":8},"end":{"line":58,"column":46}},{"start":{"line":58,"column":8},"end":{"line":58,"column":46}}],"line":58},"13":{"loc":{"start":{"line":58,"column":12},"end":{"line":58,"column":38}},"type":"binary-expr","locations":[{"start":{"line":58,"column":12},"end":{"line":58,"column":23}},{"start":{"line":58,"column":27},"end":{"line":58,"column":38}}],"line":58},"14":{"loc":{"start":{"line":70,"column":16},"end":{"line":71,"column":42}},"type":"if","locations":[{"start":{"line":70,"column":16},"end":{"line":71,"column":42}},{"start":{"line":70,"column":16},"end":{"line":71,"column":42}}],"line":70}},"s":{"0":8,"1":8,"2":8,"3":8,"4":9,"5":9,"6":9,"7":1,"8":12,"9":0,"10":12,"11":5,"12":0,"13":0,"14":5,"15":0,"16":0,"17":0,"18":0,"19":5,"20":0,"21":0,"22":0,"23":5,"24":5,"25":5,"26":5,"27":4,"28":4,"29":4,"30":4,"31":4,"32":4,"33":0,"34":4,"35":0,"36":4,"37":1,"38":1,"39":1,"40":1,"41":0,"42":1,"43":4,"44":4,"45":1},"f":{"0":8,"1":9,"2":1,"3":12,"4":5,"5":4,"6":4,"7":1,"8":1,"9":1,"10":1},"b":{"0":[0,12],"1":[12,0],"2":[0,12],"3":[0,5],"4":[0,5],"5":[0,0],"6":[0,5],"7":[5,5],"8":[0,0],"9":[0,4],"10":[0,4],"11":[4,0,0],"12":[0,4],"13":[4,4],"14":[0,1]},"_coverageSchema":"1a1c01bbd47fc00a2c39e90264f33305004495a9","hash":"55ca3dca94414cbeabdb20511801479c0bf99c86"}
}
