{"C:\\Interviews\\Calculator\\js\\Calculator.js": {"path":"C:\\Interviews\\Calculator\\js\\Calculator.js","statementMap":{"0":{"start":{"line":3,"column":8},"end":{"line":3,"column":37}},"1":{"start":{"line":4,"column":8},"end":{"line":4,"column":35}},"2":{"start":{"line":5,"column":8},"end":{"line":5,"column":24}},"3":{"start":{"line":6,"column":8},"end":{"line":6,"column":38}},"4":{"start":{"line":9,"column":8},"end":{"line":9,"column":26}},"5":{"start":{"line":10,"column":8},"end":{"line":10,"column":27}},"6":{"start":{"line":11,"column":8},"end":{"line":11,"column":35}},"7":{"start":{"line":14,"column":8},"end":{"line":14,"column":60}},"8":{"start":{"line":17,"column":8},"end":{"line":17,"column":64}},"9":{"start":{"line":17,"column":58},"end":{"line":17,"column":64}},"10":{"start":{"line":18,"column":8},"end":{"line":18,"column":125}},"11":{"start":{"line":21,"column":8},"end":{"line":24,"column":9}},"12":{"start":{"line":22,"column":12},"end":{"line":22,"column":28}},"13":{"start":{"line":23,"column":12},"end":{"line":23,"column":19}},"14":{"start":{"line":25,"column":8},"end":{"line":31,"column":9}},"15":{"start":{"line":26,"column":12},"end":{"line":30,"column":22}},"16":{"start":{"line":27,"column":16},"end":{"line":27,"column":45}},"17":{"start":{"line":28,"column":16},"end":{"line":28,"column":22}},"18":{"start":{"line":30,"column":16},"end":{"line":30,"column":22}},"19":{"start":{"line":33,"column":8},"end":{"line":36,"column":9}},"20":{"start":{"line":34,"column":12},"end":{"line":34,"column":66}},"21":{"start":{"line":34,"column":39},"end":{"line":34,"column":66}},"22":{"start":{"line":35,"column":12},"end":{"line":35,"column":35}},"23":{"start":{"line":37,"column":8},"end":{"line":37,"column":34}},"24":{"start":{"line":38,"column":8},"end":{"line":41,"column":9}},"25":{"start":{"line":40,"column":12},"end":{"line":40,"column":41}},"26":{"start":{"line":42,"column":8},"end":{"line":42,"column":36}},"27":{"start":{"line":44,"column":8},"end":{"line":44,"column":25}},"28":{"start":{"line":49,"column":21},"end":{"line":49,"column":85}},"29":{"start":{"line":50,"column":21},"end":{"line":50,"column":45}},"30":{"start":{"line":51,"column":8},"end":{"line":53,"column":9}},"31":{"start":{"line":52,"column":12},"end":{"line":52,"column":32}},"32":{"start":{"line":54,"column":8},"end":{"line":54,"column":46}},"33":{"start":{"line":54,"column":40},"end":{"line":54,"column":46}},"34":{"start":{"line":55,"column":8},"end":{"line":71,"column":9}},"35":{"start":{"line":57,"column":16},"end":{"line":57,"column":37}},"36":{"start":{"line":58,"column":16},"end":{"line":58,"column":21}},"37":{"start":{"line":60,"column":16},"end":{"line":60,"column":37}},"38":{"start":{"line":61,"column":16},"end":{"line":61,"column":21}},"39":{"start":{"line":63,"column":16},"end":{"line":63,"column":37}},"40":{"start":{"line":64,"column":16},"end":{"line":64,"column":21}},"41":{"start":{"line":66,"column":16},"end":{"line":67,"column":42}},"42":{"start":{"line":66,"column":31},"end":{"line":66,"column":48}},"43":{"start":{"line":67,"column":21},"end":{"line":67,"column":42}},"44":{"start":{"line":68,"column":16},"end":{"line":68,"column":21}},"45":{"start":{"line":70,"column":16},"end":{"line":70,"column":22}},"46":{"start":{"line":72,"column":8},"end":{"line":72,"column":29}},"47":{"start":{"line":73,"column":8},"end":{"line":73,"column":34}},"48":{"start":{"line":74,"column":8},"end":{"line":74,"column":26}},"49":{"start":{"line":78,"column":29},"end":{"line":78,"column":46}},"50":{"start":{"line":79,"column":8},"end":{"line":79,"column":57}},"51":{"start":{"line":79,"column":37},"end":{"line":79,"column":57}},"52":{"start":{"line":80,"column":30},"end":{"line":80,"column":68}},"53":{"start":{"line":81,"column":30},"end":{"line":81,"column":56}},"54":{"start":{"line":84,"column":8},"end":{"line":90,"column":9}},"55":{"start":{"line":85,"column":12},"end":{"line":85,"column":31}},"56":{"start":{"line":87,"column":12},"end":{"line":89,"column":14}},"57":{"start":{"line":91,"column":8},"end":{"line":95,"column":9}},"58":{"start":{"line":92,"column":12},"end":{"line":92,"column":55}},"59":{"start":{"line":94,"column":12},"end":{"line":94,"column":33}},"60":{"start":{"line":99,"column":24},"end":{"line":99,"column":28}}},"fnMap":{"0":{"name":"(anonymous_0)","decl":{"start":{"line":2,"column":4},"end":{"line":2,"column":5}},"loc":{"start":{"line":2,"column":39},"end":{"line":7,"column":5}},"line":2},"1":{"name":"(anonymous_1)","decl":{"start":{"line":8,"column":4},"end":{"line":8,"column":5}},"loc":{"start":{"line":8,"column":15},"end":{"line":12,"column":5}},"line":8},"2":{"name":"(anonymous_2)","decl":{"start":{"line":13,"column":4},"end":{"line":13,"column":5}},"loc":{"start":{"line":13,"column":13},"end":{"line":15,"column":5}},"line":13},"3":{"name":"(anonymous_3)","decl":{"start":{"line":16,"column":4},"end":{"line":16,"column":5}},"loc":{"start":{"line":16,"column":25},"end":{"line":19,"column":5}},"line":16},"4":{"name":"(anonymous_4)","decl":{"start":{"line":20,"column":4},"end":{"line":20,"column":5}},"loc":{"start":{"line":20,"column":31},"end":{"line":46,"column":5}},"line":20},"5":{"name":"(anonymous_5)","decl":{"start":{"line":47,"column":4},"end":{"line":47,"column":5}},"loc":{"start":{"line":47,"column":22},"end":{"line":75,"column":5}},"line":47},"6":{"name":"(anonymous_6)","decl":{"start":{"line":76,"column":4},"end":{"line":76,"column":5}},"loc":{"start":{"line":76,"column":29},"end":{"line":96,"column":5}},"line":76}},"branchMap":{"0":{"loc":{"start":{"line":17,"column":8},"end":{"line":17,"column":64}},"type":"if","locations":[{"start":{"line":17,"column":8},"end":{"line":17,"column":64}},{"start":{"line":17,"column":8},"end":{"line":17,"column":64}}],"line":17},"1":{"loc":{"start":{"line":17,"column":12},"end":{"line":17,"column":56}},"type":"binary-expr","locations":[{"start":{"line":17,"column":12},"end":{"line":17,"column":26}},{"start":{"line":17,"column":30},"end":{"line":17,"column":56}}],"line":17},"2":{"loc":{"start":{"line":18,"column":23},"end":{"line":18,"column":124}},"type":"cond-expr","locations":[{"start":{"line":18,"column":61},"end":{"line":18,"column":78}},{"start":{"line":18,"column":81},"end":{"line":18,"column":124}}],"line":18},"3":{"loc":{"start":{"line":21,"column":8},"end":{"line":24,"column":9}},"type":"if","locations":[{"start":{"line":21,"column":8},"end":{"line":24,"column":9}},{"start":{"line":21,"column":8},"end":{"line":24,"column":9}}],"line":21},"4":{"loc":{"start":{"line":25,"column":8},"end":{"line":31,"column":9}},"type":"if","locations":[{"start":{"line":25,"column":8},"end":{"line":31,"column":9}},{"start":{"line":25,"column":8},"end":{"line":31,"column":9}}],"line":25},"5":{"loc":{"start":{"line":26,"column":12},"end":{"line":30,"column":22}},"type":"if","locations":[{"start":{"line":26,"column":12},"end":{"line":30,"column":22}},{"start":{"line":26,"column":12},"end":{"line":30,"column":22}}],"line":26},"6":{"loc":{"start":{"line":33,"column":8},"end":{"line":36,"column":9}},"type":"if","locations":[{"start":{"line":33,"column":8},"end":{"line":36,"column":9}},{"start":{"line":33,"column":8},"end":{"line":36,"column":9}}],"line":33},"7":{"loc":{"start":{"line":33,"column":12},"end":{"line":33,"column":57}},"type":"binary-expr","locations":[{"start":{"line":33,"column":12},"end":{"line":33,"column":32}},{"start":{"line":33,"column":36},"end":{"line":33,"column":57}}],"line":33},"8":{"loc":{"start":{"line":34,"column":12},"end":{"line":34,"column":66}},"type":"if","locations":[{"start":{"line":34,"column":12},"end":{"line":34,"column":66}},{"start":{"line":34,"column":12},"end":{"line":34,"column":66}}],"line":34},"9":{"loc":{"start":{"line":38,"column":8},"end":{"line":41,"column":9}},"type":"if","locations":[{"start":{"line":38,"column":8},"end":{"line":41,"column":9}},{"start":{"line":38,"column":8},"end":{"line":41,"column":9}}],"line":38},"10":{"loc":{"start":{"line":49,"column":21},"end":{"line":49,"column":85}},"type":"cond-expr","locations":[{"start":{"line":49,"column":56},"end":{"line":49,"column":57}},{"start":{"line":49,"column":60},"end":{"line":49,"column":85}}],"line":49},"11":{"loc":{"start":{"line":51,"column":8},"end":{"line":53,"column":9}},"type":"if","locations":[{"start":{"line":51,"column":8},"end":{"line":53,"column":9}},{"start":{"line":51,"column":8},"end":{"line":53,"column":9}}],"line":51},"12":{"loc":{"start":{"line":51,"column":12},"end":{"line":51,"column":77}},"type":"binary-expr","locations":[{"start":{"line":51,"column":12},"end":{"line":51,"column":39}},{"start":{"line":51,"column":43},"end":{"line":51,"column":52}},{"start":{"line":51,"column":56},"end":{"line":51,"column":77}}],"line":51},"13":{"loc":{"start":{"line":54,"column":8},"end":{"line":54,"column":46}},"type":"if","locations":[{"start":{"line":54,"column":8},"end":{"line":54,"column":46}},{"start":{"line":54,"column":8},"end":{"line":54,"column":46}}],"line":54},"14":{"loc":{"start":{"line":54,"column":12},"end":{"line":54,"column":38}},"type":"binary-expr","locations":[{"start":{"line":54,"column":12},"end":{"line":54,"column":23}},{"start":{"line":54,"column":27},"end":{"line":54,"column":38}}],"line":54},"15":{"loc":{"start":{"line":55,"column":8},"end":{"line":71,"column":9}},"type":"switch","locations":[{"start":{"line":56,"column":12},"end":{"line":58,"column":21}},{"start":{"line":59,"column":12},"end":{"line":61,"column":21}},{"start":{"line":62,"column":12},"end":{"line":64,"column":21}},{"start":{"line":65,"column":12},"end":{"line":68,"column":21}},{"start":{"line":69,"column":12},"end":{"line":70,"column":22}}],"line":55},"16":{"loc":{"start":{"line":66,"column":16},"end":{"line":67,"column":42}},"type":"if","locations":[{"start":{"line":66,"column":16},"end":{"line":67,"column":42}},{"start":{"line":66,"column":16},"end":{"line":67,"column":42}}],"line":66},"17":{"loc":{"start":{"line":79,"column":8},"end":{"line":79,"column":57}},"type":"if","locations":[{"start":{"line":79,"column":8},"end":{"line":79,"column":57}},{"start":{"line":79,"column":8},"end":{"line":79,"column":57}}],"line":79},"18":{"loc":{"start":{"line":84,"column":8},"end":{"line":90,"column":9}},"type":"if","locations":[{"start":{"line":84,"column":8},"end":{"line":90,"column":9}},{"start":{"line":84,"column":8},"end":{"line":90,"column":9}}],"line":84},"19":{"loc":{"start":{"line":91,"column":8},"end":{"line":95,"column":9}},"type":"if","locations":[{"start":{"line":91,"column":8},"end":{"line":95,"column":9}},{"start":{"line":91,"column":8},"end":{"line":95,"column":9}}],"line":91}},"s":{"0":8,"1":8,"2":8,"3":8,"4":9,"5":9,"6":9,"7":1,"8":12,"9":0,"10":12,"11":5,"12":0,"13":0,"14":5,"15":0,"16":0,"17":0,"18":0,"19":5,"20":0,"21":0,"22":0,"23":5,"24":5,"25":0,"26":5,"27":5,"28":4,"29":4,"30":4,"31":0,"32":4,"33":0,"34":4,"35":1,"36":1,"37":1,"38":1,"39":1,"40":1,"41":1,"42":0,"43":1,"44":1,"45":0,"46":4,"47":4,"48":4,"49":0,"50":0,"51":0,"52":0,"53":0,"54":0,"55":0,"56":0,"57":0,"58":0,"59":0,"60":1},"f":{"0":8,"1":9,"2":1,"3":12,"4":5,"5":4,"6":0},"b":{"0":[0,12],"1":[12,0],"2":[0,12],"3":[0,5],"4":[0,5],"5":[0,0],"6":[0,5],"7":[5,5],"8":[0,0],"9":[0,5],"10":[0,4],"11":[0,4],"12":[4,0,0],"13":[0,4],"14":[4,4],"15":[1,1,1,1,0],"16":[0,1],"17":[0,0],"18":[0,0],"19":[0,0]},"_coverageSchema":"1a1c01bbd47fc00a2c39e90264f33305004495a9","hash":"c525cff1a7b808f78a798d74ac25db30264adf7d"}
}
