TN:
SF:js\Calculator.js
FN:2,(anonymous_0)
FN:9,(anonymous_1)
FN:15,(anonymous_2)
FN:19,(anonymous_3)
FN:24,(anonymous_4)
FN:45,(anonymous_5)
FN:51,(anonymous_6)
FN:60,(anonymous_7)
FN:63,(anonymous_8)
FN:66,(anonymous_9)
FN:69,(anonymous_10)
FNF:11
FNH:11
FNDA:8,(anonymous_0)
FNDA:9,(anonymous_1)
FNDA:1,(anonymous_2)
FNDA:12,(anonymous_3)
FNDA:5,(anonymous_4)
FNDA:4,(anonymous_5)
FNDA:4,(anonymous_6)
FNDA:1,(anonymous_7)
FNDA:1,(anonymous_8)
FNDA:1,(anonymous_9)
FNDA:1,(anonymous_10)
DA:3,8
DA:4,8
DA:5,8
DA:6,8
DA:10,9
DA:11,9
DA:12,9
DA:16,1
DA:20,12
DA:21,12
DA:25,5
DA:26,0
DA:27,0
DA:29,5
DA:30,0
DA:31,0
DA:32,0
DA:33,0
DA:35,5
DA:36,0
DA:37,0
DA:39,5
DA:40,5
DA:41,5
DA:42,5
DA:46,4
DA:47,4
DA:48,4
DA:53,4
DA:54,4
DA:55,4
DA:56,0
DA:58,4
DA:59,4
DA:61,1
DA:64,1
DA:67,1
DA:70,1
DA:71,1
DA:74,4
DA:75,4
DA:80,1
LF:42
LH:33
BRDA:20,0,0,0
BRDA:20,0,1,12
BRDA:20,1,0,12
BRDA:20,1,1,0
BRDA:21,2,0,0
BRDA:21,2,1,12
BRDA:25,3,0,0
BRDA:25,3,1,5
BRDA:29,4,0,0
BRDA:29,4,1,5
BRDA:30,5,0,0
BRDA:30,5,1,0
BRDA:35,6,0,0
BRDA:35,6,1,5
BRDA:35,7,0,5
BRDA:35,7,1,5
BRDA:36,8,0,0
BRDA:36,8,1,0
BRDA:53,9,0,0
BRDA:53,9,1,4
BRDA:55,10,0,0
BRDA:55,10,1,4
BRDA:55,11,0,4
BRDA:55,11,1,0
BRDA:55,11,2,0
BRDA:58,12,0,0
BRDA:58,12,1,4
BRDA:58,13,0,4
BRDA:58,13,1,4
BRDA:70,14,0,0
BRDA:70,14,1,1
BRF:31
BRH:15
end_of_record
