TN:
SF:js\Calculator.js
FN:2,(anonymous_0)
FN:8,(anonymous_1)
FN:13,(anonymous_2)
FN:16,(anonymous_3)
FN:20,(anonymous_4)
FN:47,(anonymous_5)
FN:76,(anonymous_6)
FN:97,(anonymous_7)
FNF:8
FNH:6
FNDA:8,(anonymous_0)
FNDA:9,(anonymous_1)
FNDA:1,(anonymous_2)
FNDA:12,(anonymous_3)
FNDA:5,(anonymous_4)
FNDA:4,(anonymous_5)
FNDA:0,(anonymous_6)
FNDA:0,(anonymous_7)
DA:3,8
DA:4,8
DA:5,8
DA:6,8
DA:9,9
DA:10,9
DA:11,9
DA:14,1
DA:17,12
DA:18,12
DA:21,5
DA:22,0
DA:23,0
DA:25,5
DA:26,0
DA:27,0
DA:28,0
DA:30,0
DA:33,5
DA:34,0
DA:35,0
DA:37,5
DA:38,5
DA:40,0
DA:42,5
DA:44,5
DA:49,4
DA:50,4
DA:51,4
DA:52,0
DA:54,4
DA:55,4
DA:57,1
DA:58,1
DA:60,1
DA:61,1
DA:63,1
DA:64,1
DA:66,1
DA:67,1
DA:68,1
DA:70,0
DA:72,4
DA:73,4
DA:74,4
DA:78,0
DA:79,0
DA:80,0
DA:81,0
DA:84,0
DA:85,0
DA:87,0
DA:91,0
DA:92,0
DA:94,0
DA:98,0
DA:99,0
DA:100,0
DA:102,0
DA:106,1
LF:60
LH:35
BRDA:17,0,0,0
BRDA:17,0,1,12
BRDA:17,1,0,12
BRDA:17,1,1,0
BRDA:18,2,0,0
BRDA:18,2,1,12
BRDA:21,3,0,0
BRDA:21,3,1,5
BRDA:25,4,0,0
BRDA:25,4,1,5
BRDA:26,5,0,0
BRDA:26,5,1,0
BRDA:33,6,0,0
BRDA:33,6,1,5
BRDA:33,7,0,5
BRDA:33,7,1,5
BRDA:34,8,0,0
BRDA:34,8,1,0
BRDA:38,9,0,0
BRDA:38,9,1,5
BRDA:49,10,0,0
BRDA:49,10,1,4
BRDA:51,11,0,0
BRDA:51,11,1,4
BRDA:51,12,0,4
BRDA:51,12,1,0
BRDA:51,12,2,0
BRDA:54,13,0,0
BRDA:54,13,1,4
BRDA:54,14,0,4
BRDA:54,14,1,4
BRDA:55,15,0,1
BRDA:55,15,1,1
BRDA:55,15,2,1
BRDA:55,15,3,1
BRDA:55,15,4,0
BRDA:66,16,0,0
BRDA:66,16,1,1
BRDA:79,17,0,0
BRDA:79,17,1,0
BRDA:84,18,0,0
BRDA:84,18,1,0
BRDA:91,19,0,0
BRDA:91,19,1,0
BRDA:99,20,0,0
BRDA:99,20,1,0
BRF:46
BRH:20
end_of_record
